#
# There is insufficient memory for the Java Runtime Environment to continue.
# Native memory allocation (malloc) failed to allocate 1530736 bytes for Chunk::new
# Possible reasons:
#   The system is out of physical RAM or swap space
#   The process is running with CompressedOops enabled, and the Java Heap may be blocking the growth of the native heap
# Possible solutions:
#   Reduce memory load on the system
#   Increase physical memory or swap space
#   Check if swap backing store is full
#   Decrease Java heap size (-Xmx/-Xms)
#   Decrease number of Java threads
#   Decrease Java thread stack sizes (-Xss)
#   Set larger code cache with -XX:ReservedCodeCacheSize=
#   JVM is running with Unscaled Compressed Oops mode in which the Java heap is
#     placed in the first 4GB address space. The Java Heap base address is the
#     maximum limit for the native heap growth. Please use -XX:HeapBaseMinAddress
#     to set the Java Heap base and to place the Java Heap above 4GB virtual address.
# This output file may be truncated or incomplete.
#
#  Out of Memory Error (arena.cpp:189), pid=10952, tid=12572
#
# JRE version: OpenJDK Runtime Environment JBR-17.0.6+10-829.9-nomod (17.0.6+10) (build 17.0.6+10-b829.9)
# Java VM: OpenJDK 64-Bit Server VM JBR-17.0.6+10-829.9-nomod (17.0.6+10-b829.9, mixed mode, tiered, compressed oops, compressed class ptrs, g1 gc, windows-amd64)
# No core dump will be written. Minidumps are not enabled by default on client versions of Windows
#

---------------  S U M M A R Y ------------

Command Line: --add-opens=java.base/java.util=ALL-UNNAMED --add-opens=java.base/java.lang=ALL-UNNAMED --add-opens=java.base/java.lang.invoke=ALL-UNNAMED --add-opens=java.base/java.util=ALL-UNNAMED --add-opens=java.prefs/java.util.prefs=ALL-UNNAMED --add-opens=java.prefs/java.util.prefs=ALL-UNNAMED --add-opens=java.base/java.nio.charset=ALL-UNNAMED --add-opens=java.base/java.net=ALL-UNNAMED --add-opens=java.base/java.util.concurrent.atomic=ALL-UNNAMED -Xmx2048m -Dfile.encoding=UTF-8 -Duser.country=BR -Duser.language=pt -Duser.variant org.gradle.launcher.daemon.bootstrap.GradleDaemon 7.5

Host: Intel(R) Core(TM) i5-5200U CPU @ 2.20GHz, 4 cores, 7G,  Windows 10 , 64 bit Build 19041 (10.0.19041.3031)
Time: Wed Jun 21 18:56:08 2023 Hora oficial do Brasil elapsed time: 138.090708 seconds (0d 0h 2m 18s)

---------------  T H R E A D  ---------------

Current thread (0x000002195b803940):  JavaThread "C2 CompilerThread0" daemon [_thread_in_native, id=12572, stack(0x000000bd57900000,0x000000bd57a00000)]


Current CompileTask:
C2: 138090 16989 %     4       com.android.tools.r8.dex.i::l @ 64 (2158 bytes)

Stack: [0x000000bd57900000,0x000000bd57a00000]
Native frames: (J=compiled Java code, j=interpreted, Vv=VM code, C=native code)
V  [jvm.dll+0x683c5a]  os::platform_print_native_stack+0xca  (os_windows_x86.cpp:235)
V  [jvm.dll+0x842764]  VMError::report+0xc34  (vmError.cpp:742)
V  [jvm.dll+0x843f5e]  VMError::report_and_die+0x78e  (vmError.cpp:1557)
V  [jvm.dll+0x8445c3]  VMError::report_and_die+0x43  (vmError.cpp:1343)
V  [jvm.dll+0x249b75]  report_vm_out_of_memory+0x85  (debug.cpp:323)
V  [jvm.dll+0xabcac]  Chunk::operator new+0xcc  (arena.cpp:189)
V  [jvm.dll+0xac27c]  Arena::grow+0x3c  (arena.cpp:350)
V  [jvm.dll+0x368802]  PhaseIFG::init+0xa2  (ifg.cpp:50)
V  [jvm.dll+0x332f31]  PhaseCFG::global_code_motion+0x441  (gcm.cpp:1555)
V  [jvm.dll+0x3323da]  PhaseCFG::do_global_code_motion+0x3a  (gcm.cpp:1622)
V  [jvm.dll+0x21c201]  Compile::Code_Gen+0x261  (compile.cpp:2722)
V  [jvm.dll+0x21b621]  Compile::Compile+0xe51  (compile.cpp:831)
V  [jvm.dll+0x1a4fdd]  C2Compiler::compile_method+0xad  (c2compiler.cpp:110)
V  [jvm.dll+0x22b098]  CompileBroker::invoke_compiler_on_method+0x878  (compileBroker.cpp:2344)
V  [jvm.dll+0x229159]  CompileBroker::compiler_thread_loop+0x2b9  (compileBroker.cpp:2002)
V  [jvm.dll+0x7f81ac]  JavaThread::run+0x13c  (thread.cpp:1296)
V  [jvm.dll+0x7f270a]  Thread::call_run+0x8a  (thread.cpp:404)
V  [jvm.dll+0x682a95]  thread_native_entry+0x75  (os_windows.cpp:548)
C  [ucrtbase.dll+0x21bb2]
C  [KERNEL32.DLL+0x17614]
C  [ntdll.dll+0x526f1]


---------------  P R O C E S S  ---------------

Threads class SMR info:
_java_thread_list=0x0000021960364150, length=34, elements={
0x00000219414ed0a0, 0x000002195ad93da0, 0x000002195ad94da0, 0x000002195ade4930,
0x000002195ade6400, 0x000002195b802490, 0x000002195b802d50, 0x000002195b803940,
0x000002195b807740, 0x000002195b80c060, 0x000002195b9e0740, 0x000002195b9e5040,
0x000002195cf1e640, 0x000002195cb35a80, 0x000002195cde1c40, 0x000002195ceeafe0,
0x000002195bd25260, 0x000002195cfa2800, 0x000002195cfa0b20, 0x000002195cfa1990,
0x000002195cfa1e60, 0x000002195cfa2330, 0x000002195cfa0180, 0x000002195f5bca00,
0x000002195f5bf080, 0x000002195f5bfa20, 0x000002195f5c0890, 0x000002195f5bfef0,
0x000002195c35e3c0, 0x000002195c35d080, 0x000002195c362720, 0x000002195fa83870,
0x000002195cfa0ff0, 0x00000219663178a0
}

Java Threads: ( => current thread )
  0x00000219414ed0a0 JavaThread "main" [_thread_blocked, id=7264, stack(0x000000bd56c00000,0x000000bd56d00000)]
  0x000002195ad93da0 JavaThread "Reference Handler" daemon [_thread_blocked, id=11648, stack(0x000000bd57300000,0x000000bd57400000)]
  0x000002195ad94da0 JavaThread "Finalizer" daemon [_thread_blocked, id=6652, stack(0x000000bd57400000,0x000000bd57500000)]
  0x000002195ade4930 JavaThread "Signal Dispatcher" daemon [_thread_blocked, id=2012, stack(0x000000bd57500000,0x000000bd57600000)]
  0x000002195ade6400 JavaThread "Attach Listener" daemon [_thread_blocked, id=10792, stack(0x000000bd57600000,0x000000bd57700000)]
  0x000002195b802490 JavaThread "Service Thread" daemon [_thread_blocked, id=10724, stack(0x000000bd57700000,0x000000bd57800000)]
  0x000002195b802d50 JavaThread "Monitor Deflation Thread" daemon [_thread_blocked, id=4784, stack(0x000000bd57800000,0x000000bd57900000)]
=>0x000002195b803940 JavaThread "C2 CompilerThread0" daemon [_thread_in_native, id=12572, stack(0x000000bd57900000,0x000000bd57a00000)]
  0x000002195b807740 JavaThread "C1 CompilerThread0" daemon [_thread_blocked, id=6568, stack(0x000000bd57a00000,0x000000bd57b00000)]
  0x000002195b80c060 JavaThread "Sweeper thread" daemon [_thread_blocked, id=8696, stack(0x000000bd57b00000,0x000000bd57c00000)]
  0x000002195b9e0740 JavaThread "Common-Cleaner" daemon [_thread_blocked, id=1148, stack(0x000000bd57c00000,0x000000bd57d00000)]
  0x000002195b9e5040 JavaThread "Notification Thread" daemon [_thread_blocked, id=11508, stack(0x000000bd57d00000,0x000000bd57e00000)]
  0x000002195cf1e640 JavaThread "Daemon health stats" [_thread_blocked, id=12160, stack(0x000000bd58200000,0x000000bd58300000)]
  0x000002195cb35a80 JavaThread "Incoming local TCP Connector on port 49876" [_thread_in_native, id=1612, stack(0x000000bd58300000,0x000000bd58400000)]
  0x000002195cde1c40 JavaThread "Daemon periodic checks" [_thread_blocked, id=8876, stack(0x000000bd58400000,0x000000bd58500000)]
  0x000002195ceeafe0 JavaThread "Daemon" [_thread_blocked, id=9264, stack(0x000000bd58500000,0x000000bd58600000)]
  0x000002195bd25260 JavaThread "Daemon worker" [_thread_blocked, id=9808, stack(0x000000bd58800000,0x000000bd58900000)]
  0x000002195cfa2800 JavaThread "Cache worker for journal cache (C:\Users\pedro ou renata\.gradle\caches\journal-1)" [_thread_blocked, id=10244, stack(0x000000bd58c00000,0x000000bd58d00000)]
  0x000002195cfa0b20 JavaThread "File lock request listener" [_thread_in_native, id=12496, stack(0x000000bd58d00000,0x000000bd58e00000)]
  0x000002195cfa1990 JavaThread "Cache worker for file hash cache (C:\Users\pedro ou renata\.gradle\caches\7.5\fileHashes)" [_thread_blocked, id=10016, stack(0x000000bd58e00000,0x000000bd58f00000)]
  0x000002195cfa1e60 JavaThread "File watcher server" daemon [_thread_in_native, id=5584, stack(0x000000bd58f00000,0x000000bd59000000)]
  0x000002195cfa2330 JavaThread "File watcher consumer" daemon [_thread_blocked, id=11840, stack(0x000000bd59000000,0x000000bd59100000)]
  0x000002195cfa0180 JavaThread "Cache worker for file content cache (C:\Users\pedro ou renata\.gradle\caches\7.5\fileContent)" [_thread_blocked, id=11596, stack(0x000000bd59400000,0x000000bd59500000)]
  0x000002195f5bca00 JavaThread "Cache worker for execution history cache (C:\Users\pedro ou renata\.gradle\caches\7.5\executionHistory)" [_thread_blocked, id=12192, stack(0x000000bd59700000,0x000000bd59800000)]
  0x000002195f5bf080 JavaThread "jar transforms" [_thread_blocked, id=6376, stack(0x000000bd59800000,0x000000bd59900000)]
  0x000002195f5bfa20 JavaThread "jar transforms Thread 2" [_thread_blocked, id=7384, stack(0x000000bd59900000,0x000000bd59a00000)]
  0x000002195f5c0890 JavaThread "jar transforms Thread 3" [_thread_blocked, id=11896, stack(0x000000bd59100000,0x000000bd59200000)]
  0x000002195f5bfef0 JavaThread "jar transforms Thread 4" [_thread_blocked, id=4656, stack(0x000000bd59c00000,0x000000bd59d00000)]
  0x000002195c35e3c0 JavaThread "Memory manager" [_thread_blocked, id=4340, stack(0x000000bd5ca00000,0x000000bd5cb00000)]
  0x000002195c35d080 JavaThread "included builds" [_thread_blocked, id=1280, stack(0x000000bd56900000,0x000000bd56a00000)]
  0x000002195c362720 JavaThread "Cache worker for Java compile cache (C:\Users\pedro ou renata\.gradle\caches\7.5\javaCompile)" [_thread_blocked, id=13192, stack(0x000000bd5d500000,0x000000bd5d600000)]
  0x000002195fa83870 JavaThread "ForkJoinPool.commonPool-worker-1" daemon [_thread_blocked, id=6868, stack(0x000000bd58a00000,0x000000bd58b00000)]
  0x000002195cfa0ff0 JavaThread "ForkJoinPool.commonPool-worker-2" daemon [_thread_blocked, id=404, stack(0x000000bd5d000000,0x000000bd5d100000)]
  0x00000219663178a0 JavaThread "ForkJoinPool.commonPool-worker-3" daemon [_thread_blocked, id=3412, stack(0x000000bd5da00000,0x000000bd5db00000)]

Other Threads:
  0x000002195adc5610 VMThread "VM Thread" [stack: 0x000000bd57200000,0x000000bd57300000] [id=10332]
  0x000002195b9de010 WatcherThread [stack: 0x000000bd57e00000,0x000000bd57f00000] [id=10700]
  0x0000021941549e10 GCTaskThread "GC Thread#0" [stack: 0x000000bd56d00000,0x000000bd56e00000] [id=10272]
  0x000002195bc48500 GCTaskThread "GC Thread#1" [stack: 0x000000bd57f00000,0x000000bd58000000] [id=2920]
  0x000002195bcd3610 GCTaskThread "GC Thread#2" [stack: 0x000000bd58000000,0x000000bd58100000] [id=7068]
  0x000002195c691f30 GCTaskThread "GC Thread#3" [stack: 0x000000bd58100000,0x000000bd58200000] [id=2148]
  0x000002194155b400 ConcurrentGCThread "G1 Main Marker" [stack: 0x000000bd56e00000,0x000000bd56f00000] [id=8096]
  0x000002194155cd30 ConcurrentGCThread "G1 Conc#0" [stack: 0x000000bd56f00000,0x000000bd57000000] [id=11672]
  0x000002195ac100a0 ConcurrentGCThread "G1 Refine#0" [stack: 0x000000bd57000000,0x000000bd57100000] [id=5904]
  0x000002195fb7b450 ConcurrentGCThread "G1 Refine#1" [stack: 0x000000bd59a00000,0x000000bd59b00000] [id=10840]
  0x0000021960903420 ConcurrentGCThread "G1 Refine#2" [stack: 0x000000bd5cd00000,0x000000bd5ce00000] [id=5752]
  0x000002195ac109d0 ConcurrentGCThread "G1 Service" [stack: 0x000000bd57100000,0x000000bd57200000] [id=10292]

Threads with active compile tasks:
C2 CompilerThread0   154471 16989 %     4       com.android.tools.r8.dex.i::l @ 64 (2158 bytes)

VM state: not at safepoint (normal execution)

VM Mutex/Monitor currently owned by a thread: None

Heap address: 0x0000000080000000, size: 2048 MB, Compressed Oops mode: 32-bit

CDS archive(s) not mapped
Compressed class space mapped at: 0x0000000100000000-0x0000000140000000, reserved size: 1073741824
Narrow klass base: 0x0000000000000000, Narrow klass shift: 3, Narrow klass range: 0x140000000

GC Precious Log:
 CPUs: 4 total, 4 available
 Memory: 8093M
 Large Page Support: Disabled
 NUMA Support: Disabled
 Compressed Oops: Enabled (32-bit)
 Heap Region Size: 1M
 Heap Min Capacity: 8M
 Heap Initial Capacity: 128M
 Heap Max Capacity: 2G
 Pre-touch: Disabled
 Parallel Workers: 4
 Concurrent Workers: 1
 Concurrent Refinement Workers: 4
 Periodic GC: Disabled

Heap:
 garbage-first heap   total 189440K, used 155587K [0x0000000080000000, 0x0000000100000000)
  region size 1024K, 46 young (47104K), 2 survivors (2048K)
 Metaspace       used 125082K, committed 125824K, reserved 1163264K
  class space    used 17064K, committed 17408K, reserved 1048576K

Heap Regions: E=young(eden), S=young(survivor), O=old, HS=humongous(starts), HC=humongous(continues), CS=collection set, F=free, OA=open archive, CA=closed archive, TAMS=top-at-mark-start (previous, next)
|   0|0x0000000080000000, 0x0000000080100000, 0x0000000080100000|100%|HS|  |TAMS 0x0000000080100000, 0x0000000080000000| Complete 
|   1|0x0000000080100000, 0x0000000080200000, 0x0000000080200000|100%|HC|  |TAMS 0x0000000080200000, 0x0000000080100000| Complete 
|   2|0x0000000080200000, 0x0000000080300000, 0x0000000080300000|100%|HC|  |TAMS 0x0000000080300000, 0x0000000080200000| Complete 
|   3|0x0000000080300000, 0x0000000080400000, 0x0000000080400000|100%| O|  |TAMS 0x0000000080400000, 0x0000000080300000| Untracked 
|   4|0x0000000080400000, 0x0000000080500000, 0x0000000080500000|100%| O|  |TAMS 0x0000000080500000, 0x0000000080400000| Untracked 
|   5|0x0000000080500000, 0x0000000080600000, 0x0000000080600000|100%| O|  |TAMS 0x0000000080600000, 0x0000000080500000| Untracked 
|   6|0x0000000080600000, 0x0000000080700000, 0x0000000080700000|100%| O|  |TAMS 0x0000000080700000, 0x0000000080600000| Untracked 
|   7|0x0000000080700000, 0x0000000080800000, 0x0000000080800000|100%| O|  |TAMS 0x0000000080800000, 0x0000000080700000| Untracked 
|   8|0x0000000080800000, 0x0000000080900000, 0x0000000080900000|100%| O|  |TAMS 0x0000000080900000, 0x0000000080800000| Untracked 
|   9|0x0000000080900000, 0x0000000080a00000, 0x0000000080a00000|100%| O|  |TAMS 0x0000000080a00000, 0x0000000080900000| Untracked 
|  10|0x0000000080a00000, 0x0000000080b00000, 0x0000000080b00000|100%| O|  |TAMS 0x0000000080b00000, 0x0000000080a00000| Untracked 
|  11|0x0000000080b00000, 0x0000000080c00000, 0x0000000080c00000|100%| O|  |TAMS 0x0000000080c00000, 0x0000000080b00000| Untracked 
|  12|0x0000000080c00000, 0x0000000080d00000, 0x0000000080d00000|100%| O|  |TAMS 0x0000000080d00000, 0x0000000080c00000| Untracked 
|  13|0x0000000080d00000, 0x0000000080e00000, 0x0000000080e00000|100%| O|  |TAMS 0x0000000080e00000, 0x0000000080d00000| Untracked 
|  14|0x0000000080e00000, 0x0000000080f00000, 0x0000000080f00000|100%| O|  |TAMS 0x0000000080f00000, 0x0000000080e00000| Untracked 
|  15|0x0000000080f00000, 0x0000000081000000, 0x0000000081000000|100%| O|  |TAMS 0x0000000081000000, 0x0000000080f00000| Untracked 
|  16|0x0000000081000000, 0x0000000081100000, 0x0000000081100000|100%| O|  |TAMS 0x0000000081100000, 0x0000000081000000| Untracked 
|  17|0x0000000081100000, 0x0000000081200000, 0x0000000081200000|100%| O|  |TAMS 0x0000000081200000, 0x0000000081100000| Untracked 
|  18|0x0000000081200000, 0x0000000081300000, 0x0000000081300000|100%| O|  |TAMS 0x0000000081300000, 0x0000000081200000| Untracked 
|  19|0x0000000081300000, 0x0000000081400000, 0x0000000081400000|100%| O|  |TAMS 0x0000000081400000, 0x0000000081300000| Untracked 
|  20|0x0000000081400000, 0x0000000081500000, 0x0000000081500000|100%| O|  |TAMS 0x0000000081500000, 0x0000000081400000| Untracked 
|  21|0x0000000081500000, 0x0000000081600000, 0x0000000081600000|100%| O|  |TAMS 0x0000000081600000, 0x0000000081500000| Untracked 
|  22|0x0000000081600000, 0x0000000081700000, 0x0000000081700000|100%|HS|  |TAMS 0x0000000081700000, 0x0000000081600000| Complete 
|  23|0x0000000081700000, 0x0000000081800000, 0x0000000081800000|100%| O|  |TAMS 0x0000000081800000, 0x0000000081700000| Untracked 
|  24|0x0000000081800000, 0x0000000081900000, 0x0000000081900000|100%| O|  |TAMS 0x0000000081900000, 0x0000000081800000| Untracked 
|  25|0x0000000081900000, 0x0000000081a00000, 0x0000000081a00000|100%| O|  |TAMS 0x0000000081a00000, 0x0000000081900000| Untracked 
|  26|0x0000000081a00000, 0x0000000081b00000, 0x0000000081b00000|100%| O|  |TAMS 0x0000000081b00000, 0x0000000081a00000| Untracked 
|  27|0x0000000081b00000, 0x0000000081c00000, 0x0000000081c00000|100%| O|  |TAMS 0x0000000081c00000, 0x0000000081b00000| Untracked 
|  28|0x0000000081c00000, 0x0000000081d00000, 0x0000000081d00000|100%| O|  |TAMS 0x0000000081d00000, 0x0000000081c00000| Untracked 
|  29|0x0000000081d00000, 0x0000000081e00000, 0x0000000081e00000|100%| O|  |TAMS 0x0000000081e00000, 0x0000000081d00000| Untracked 
|  30|0x0000000081e00000, 0x0000000081f00000, 0x0000000081f00000|100%| O|  |TAMS 0x0000000081f00000, 0x0000000081e00000| Untracked 
|  31|0x0000000081f00000, 0x0000000082000000, 0x0000000082000000|100%| O|  |TAMS 0x0000000082000000, 0x0000000081f00000| Untracked 
|  32|0x0000000082000000, 0x0000000082100000, 0x0000000082100000|100%| O|  |TAMS 0x0000000082100000, 0x0000000082000000| Untracked 
|  33|0x0000000082100000, 0x0000000082200000, 0x0000000082200000|100%| O|  |TAMS 0x0000000082200000, 0x0000000082100000| Untracked 
|  34|0x0000000082200000, 0x0000000082300000, 0x0000000082300000|100%| O|  |TAMS 0x0000000082300000, 0x0000000082200000| Untracked 
|  35|0x0000000082300000, 0x0000000082400000, 0x0000000082400000|100%| O|  |TAMS 0x0000000082400000, 0x0000000082300000| Untracked 
|  36|0x0000000082400000, 0x0000000082500000, 0x0000000082500000|100%|HS|  |TAMS 0x0000000082500000, 0x0000000082400000| Complete 
|  37|0x0000000082500000, 0x0000000082600000, 0x0000000082600000|100%| O|  |TAMS 0x0000000082600000, 0x0000000082500000| Untracked 
|  38|0x0000000082600000, 0x0000000082700000, 0x0000000082700000|100%| O|  |TAMS 0x0000000082700000, 0x0000000082600000| Untracked 
|  39|0x0000000082700000, 0x0000000082800000, 0x0000000082800000|100%| O|  |TAMS 0x0000000082800000, 0x0000000082700000| Untracked 
|  40|0x0000000082800000, 0x00000000828ffff8, 0x0000000082900000| 99%| O|  |TAMS 0x00000000828ffff8, 0x0000000082800000| Untracked 
|  41|0x0000000082900000, 0x0000000082a00000, 0x0000000082a00000|100%| O|  |TAMS 0x0000000082a00000, 0x0000000082900000| Untracked 
|  42|0x0000000082a00000, 0x0000000082b00000, 0x0000000082b00000|100%| O|  |TAMS 0x0000000082b00000, 0x0000000082a00000| Untracked 
|  43|0x0000000082b00000, 0x0000000082c00000, 0x0000000082c00000|100%| O|  |TAMS 0x0000000082b00000, 0x0000000082b00000| Untracked 
|  44|0x0000000082c00000, 0x0000000082d00000, 0x0000000082d00000|100%| O|  |TAMS 0x0000000082d00000, 0x0000000082c00000| Untracked 
|  45|0x0000000082d00000, 0x0000000082e00000, 0x0000000082e00000|100%| O|  |TAMS 0x0000000082e00000, 0x0000000082d00000| Untracked 
|  46|0x0000000082e00000, 0x0000000082f00000, 0x0000000082f00000|100%| O|  |TAMS 0x0000000082f00000, 0x0000000082e00000| Untracked 
|  47|0x0000000082f00000, 0x0000000082f28200, 0x0000000083000000| 15%| O|  |TAMS 0x0000000082f00000, 0x0000000082f00000| Untracked 
|  48|0x0000000083000000, 0x0000000083100000, 0x0000000083100000|100%| O|  |TAMS 0x0000000083100000, 0x0000000083000000| Untracked 
|  49|0x0000000083100000, 0x0000000083200000, 0x0000000083200000|100%| O|  |TAMS 0x0000000083200000, 0x0000000083100000| Untracked 
|  50|0x0000000083200000, 0x0000000083300000, 0x0000000083300000|100%| O|  |TAMS 0x0000000083300000, 0x0000000083200000| Untracked 
|  51|0x0000000083300000, 0x0000000083400000, 0x0000000083400000|100%| O|  |TAMS 0x0000000083400000, 0x0000000083300000| Untracked 
|  52|0x0000000083400000, 0x0000000083500000, 0x0000000083500000|100%| O|  |TAMS 0x0000000083500000, 0x0000000083400000| Untracked 
|  53|0x0000000083500000, 0x0000000083600000, 0x0000000083600000|100%| O|  |TAMS 0x0000000083600000, 0x0000000083500000| Untracked 
|  54|0x0000000083600000, 0x0000000083700000, 0x0000000083700000|100%| O|  |TAMS 0x0000000083700000, 0x0000000083600000| Untracked 
|  55|0x0000000083700000, 0x0000000083800000, 0x0000000083800000|100%| O|  |TAMS 0x0000000083800000, 0x0000000083700000| Untracked 
|  56|0x0000000083800000, 0x0000000083900000, 0x0000000083900000|100%| O|  |TAMS 0x0000000083900000, 0x0000000083800000| Untracked 
|  57|0x0000000083900000, 0x0000000083a00000, 0x0000000083a00000|100%| O|  |TAMS 0x0000000083a00000, 0x0000000083900000| Untracked 
|  58|0x0000000083a00000, 0x0000000083b00000, 0x0000000083b00000|100%| O|  |TAMS 0x0000000083b00000, 0x0000000083a00000| Untracked 
|  59|0x0000000083b00000, 0x0000000083c00000, 0x0000000083c00000|100%| O|  |TAMS 0x0000000083c00000, 0x0000000083b00000| Untracked 
|  60|0x0000000083c00000, 0x0000000083d00000, 0x0000000083d00000|100%| O|  |TAMS 0x0000000083d00000, 0x0000000083c00000| Untracked 
|  61|0x0000000083d00000, 0x0000000083e00000, 0x0000000083e00000|100%| O|  |TAMS 0x0000000083e00000, 0x0000000083d00000| Untracked 
|  62|0x0000000083e00000, 0x0000000083f00000, 0x0000000083f00000|100%| O|  |TAMS 0x0000000083f00000, 0x0000000083e00000| Untracked 
|  63|0x0000000083f00000, 0x0000000084000000, 0x0000000084000000|100%| O|  |TAMS 0x0000000084000000, 0x0000000083f00000| Untracked 
|  64|0x0000000084000000, 0x0000000084100000, 0x0000000084100000|100%| O|  |TAMS 0x0000000084100000, 0x0000000084000000| Untracked 
|  65|0x0000000084100000, 0x0000000084200000, 0x0000000084200000|100%| O|  |TAMS 0x0000000084200000, 0x0000000084100000| Untracked 
|  66|0x0000000084200000, 0x0000000084300000, 0x0000000084300000|100%| O|  |TAMS 0x0000000084300000, 0x0000000084200000| Untracked 
|  67|0x0000000084300000, 0x0000000084400000, 0x0000000084400000|100%| O|  |TAMS 0x0000000084400000, 0x0000000084300000| Untracked 
|  68|0x0000000084400000, 0x0000000084500000, 0x0000000084500000|100%| O|  |TAMS 0x0000000084500000, 0x0000000084400000| Untracked 
|  69|0x0000000084500000, 0x0000000084600000, 0x0000000084600000|100%| O|  |TAMS 0x0000000084600000, 0x0000000084500000| Untracked 
|  70|0x0000000084600000, 0x0000000084700000, 0x0000000084700000|100%| O|  |TAMS 0x0000000084700000, 0x0000000084600000| Untracked 
|  71|0x0000000084700000, 0x0000000084800000, 0x0000000084800000|100%| O|  |TAMS 0x0000000084800000, 0x0000000084700000| Untracked 
|  72|0x0000000084800000, 0x0000000084900000, 0x0000000084900000|100%| O|  |TAMS 0x0000000084900000, 0x0000000084800000| Untracked 
|  73|0x0000000084900000, 0x0000000084a00000, 0x0000000084a00000|100%| O|  |TAMS 0x0000000084a00000, 0x0000000084900000| Untracked 
|  74|0x0000000084a00000, 0x0000000084b00000, 0x0000000084b00000|100%| O|  |TAMS 0x0000000084b00000, 0x0000000084a00000| Untracked 
|  75|0x0000000084b00000, 0x0000000084c00000, 0x0000000084c00000|100%| O|  |TAMS 0x0000000084c00000, 0x0000000084b00000| Untracked 
|  76|0x0000000084c00000, 0x0000000084d00000, 0x0000000084d00000|100%| O|  |TAMS 0x0000000084d00000, 0x0000000084c00000| Untracked 
|  77|0x0000000084d00000, 0x0000000084e00000, 0x0000000084e00000|100%| O|  |TAMS 0x0000000084e00000, 0x0000000084d00000| Untracked 
|  78|0x0000000084e00000, 0x0000000084f00000, 0x0000000084f00000|100%| O|  |TAMS 0x0000000084f00000, 0x0000000084e00000| Untracked 
|  79|0x0000000084f00000, 0x0000000085000000, 0x0000000085000000|100%| O|  |TAMS 0x0000000085000000, 0x0000000084f00000| Untracked 
|  80|0x0000000085000000, 0x0000000085100000, 0x0000000085100000|100%| O|  |TAMS 0x0000000085100000, 0x0000000085000000| Untracked 
|  81|0x0000000085100000, 0x0000000085200000, 0x0000000085200000|100%| O|  |TAMS 0x0000000085200000, 0x0000000085100000| Untracked 
|  82|0x0000000085200000, 0x0000000085300000, 0x0000000085300000|100%| O|  |TAMS 0x0000000085300000, 0x0000000085200000| Untracked 
|  83|0x0000000085300000, 0x0000000085400000, 0x0000000085400000|100%| O|  |TAMS 0x0000000085400000, 0x0000000085300000| Untracked 
|  84|0x0000000085400000, 0x0000000085500000, 0x0000000085500000|100%| O|  |TAMS 0x0000000085500000, 0x0000000085400000| Untracked 
|  85|0x0000000085500000, 0x0000000085600000, 0x0000000085600000|100%| O|  |TAMS 0x0000000085600000, 0x0000000085500000| Untracked 
|  86|0x0000000085600000, 0x0000000085700000, 0x0000000085700000|100%| O|  |TAMS 0x0000000085700000, 0x0000000085600000| Untracked 
|  87|0x0000000085700000, 0x0000000085800000, 0x0000000085800000|100%| O|  |TAMS 0x0000000085700000, 0x0000000085700000| Untracked 
|  88|0x0000000085800000, 0x0000000085900000, 0x0000000085900000|100%| O|  |TAMS 0x0000000085800000, 0x0000000085800000| Untracked 
|  89|0x0000000085900000, 0x0000000085a00000, 0x0000000085a00000|100%| O|  |TAMS 0x0000000085a00000, 0x0000000085900000| Untracked 
|  90|0x0000000085a00000, 0x0000000085b00000, 0x0000000085b00000|100%| O|  |TAMS 0x0000000085b00000, 0x0000000085a00000| Untracked 
|  91|0x0000000085b00000, 0x0000000085c00000, 0x0000000085c00000|100%| O|  |TAMS 0x0000000085c00000, 0x0000000085b00000| Untracked 
|  92|0x0000000085c00000, 0x0000000085d00000, 0x0000000085d00000|100%| O|  |TAMS 0x0000000085d00000, 0x0000000085c00000| Untracked 
|  93|0x0000000085d00000, 0x0000000085e00000, 0x0000000085e00000|100%| O|  |TAMS 0x0000000085e00000, 0x0000000085d00000| Untracked 
|  94|0x0000000085e00000, 0x0000000085f00000, 0x0000000085f00000|100%| O|  |TAMS 0x0000000085f00000, 0x0000000085e00000| Untracked 
|  95|0x0000000085f00000, 0x0000000086000000, 0x0000000086000000|100%|HS|  |TAMS 0x0000000085f00000, 0x0000000085f00000| Complete 
|  96|0x0000000086000000, 0x0000000086100000, 0x0000000086100000|100%|HS|  |TAMS 0x0000000086000000, 0x0000000086000000| Complete 
|  97|0x0000000086100000, 0x0000000086200000, 0x0000000086200000|100%|HC|  |TAMS 0x0000000086100000, 0x0000000086100000| Complete 
|  98|0x0000000086200000, 0x0000000086300000, 0x0000000086300000|100%| O|  |TAMS 0x0000000086300000, 0x0000000086200000| Untracked 
|  99|0x0000000086300000, 0x0000000086400000, 0x0000000086400000|100%|HS|  |TAMS 0x0000000086300000, 0x0000000086300000| Complete 
| 100|0x0000000086400000, 0x0000000086500000, 0x0000000086500000|100%|HC|  |TAMS 0x0000000086400000, 0x0000000086400000| Complete 
| 101|0x0000000086500000, 0x0000000086600000, 0x0000000086600000|100%|HS|  |TAMS 0x0000000086500000, 0x0000000086500000| Complete 
| 102|0x0000000086600000, 0x0000000086700000, 0x0000000086700000|100%|HC|  |TAMS 0x0000000086600000, 0x0000000086600000| Complete 
| 103|0x0000000086700000, 0x0000000086800000, 0x0000000086800000|100%|HS|  |TAMS 0x0000000086700000, 0x0000000086700000| Complete 
| 104|0x0000000086800000, 0x0000000086900000, 0x0000000086900000|100%|HC|  |TAMS 0x0000000086800000, 0x0000000086800000| Complete 
| 105|0x0000000086900000, 0x0000000086a00000, 0x0000000086a00000|100%|HS|  |TAMS 0x0000000086900000, 0x0000000086900000| Complete 
| 106|0x0000000086a00000, 0x0000000086b00000, 0x0000000086b00000|100%|HC|  |TAMS 0x0000000086a00000, 0x0000000086a00000| Complete 
| 107|0x0000000086b00000, 0x0000000086c00000, 0x0000000086c00000|100%|HS|  |TAMS 0x0000000086b00000, 0x0000000086b00000| Complete 
| 108|0x0000000086c00000, 0x0000000086d00000, 0x0000000086d00000|100%|HC|  |TAMS 0x0000000086c00000, 0x0000000086c00000| Complete 
| 109|0x0000000086d00000, 0x0000000086d00000, 0x0000000086e00000|  0%| F|  |TAMS 0x0000000086d00000, 0x0000000086d00000| Untracked 
| 110|0x0000000086e00000, 0x0000000086e00000, 0x0000000086f00000|  0%| F|  |TAMS 0x0000000086e00000, 0x0000000086e00000| Untracked 
| 111|0x0000000086f00000, 0x0000000086f00000, 0x0000000087000000|  0%| F|  |TAMS 0x0000000086f00000, 0x0000000086f00000| Untracked 
| 112|0x0000000087000000, 0x0000000087000000, 0x0000000087100000|  0%| F|  |TAMS 0x0000000087000000, 0x0000000087000000| Untracked 
| 113|0x0000000087100000, 0x0000000087100000, 0x0000000087200000|  0%| F|  |TAMS 0x0000000087100000, 0x0000000087100000| Untracked 
| 114|0x0000000087200000, 0x0000000087200000, 0x0000000087300000|  0%| F|  |TAMS 0x0000000087200000, 0x0000000087200000| Untracked 
| 115|0x0000000087300000, 0x0000000087300000, 0x0000000087400000|  0%| F|  |TAMS 0x0000000087300000, 0x0000000087300000| Untracked 
| 116|0x0000000087400000, 0x0000000087400000, 0x0000000087500000|  0%| F|  |TAMS 0x0000000087400000, 0x0000000087400000| Untracked 
| 117|0x0000000087500000, 0x0000000087500000, 0x0000000087600000|  0%| F|  |TAMS 0x0000000087500000, 0x0000000087500000| Untracked 
| 118|0x0000000087600000, 0x0000000087600000, 0x0000000087700000|  0%| F|  |TAMS 0x0000000087600000, 0x0000000087600000| Untracked 
| 119|0x0000000087700000, 0x0000000087700000, 0x0000000087800000|  0%| F|  |TAMS 0x0000000087700000, 0x0000000087700000| Untracked 
| 120|0x0000000087800000, 0x0000000087800000, 0x0000000087900000|  0%| F|  |TAMS 0x0000000087800000, 0x0000000087800000| Untracked 
| 121|0x0000000087900000, 0x0000000087900000, 0x0000000087a00000|  0%| F|  |TAMS 0x0000000087900000, 0x0000000087900000| Untracked 
| 122|0x0000000087a00000, 0x0000000087a00000, 0x0000000087b00000|  0%| F|  |TAMS 0x0000000087a00000, 0x0000000087a00000| Untracked 
| 123|0x0000000087b00000, 0x0000000087b00000, 0x0000000087c00000|  0%| F|  |TAMS 0x0000000087b00000, 0x0000000087b00000| Untracked 
| 124|0x0000000087c00000, 0x0000000087c00000, 0x0000000087d00000|  0%| F|  |TAMS 0x0000000087c00000, 0x0000000087c00000| Untracked 
| 125|0x0000000087d00000, 0x0000000087d00000, 0x0000000087e00000|  0%| F|  |TAMS 0x0000000087d00000, 0x0000000087d00000| Untracked 
| 126|0x0000000087e00000, 0x0000000087e00000, 0x0000000087f00000|  0%| F|  |TAMS 0x0000000087e00000, 0x0000000087e00000| Untracked 
| 127|0x0000000087f00000, 0x0000000087f00000, 0x0000000088000000|  0%| F|  |TAMS 0x0000000087f00000, 0x0000000087f00000| Untracked 
| 128|0x0000000088000000, 0x0000000088000000, 0x0000000088100000|  0%| F|  |TAMS 0x0000000088000000, 0x0000000088000000| Untracked 
| 129|0x0000000088100000, 0x0000000088100000, 0x0000000088200000|  0%| F|  |TAMS 0x0000000088100000, 0x0000000088100000| Untracked 
| 130|0x0000000088200000, 0x0000000088200000, 0x0000000088300000|  0%| F|  |TAMS 0x0000000088200000, 0x0000000088200000| Untracked 
| 131|0x0000000088300000, 0x0000000088300000, 0x0000000088400000|  0%| F|  |TAMS 0x0000000088300000, 0x0000000088300000| Untracked 
| 132|0x0000000088400000, 0x0000000088400000, 0x0000000088500000|  0%| F|  |TAMS 0x0000000088400000, 0x0000000088400000| Untracked 
| 133|0x0000000088500000, 0x0000000088500000, 0x0000000088600000|  0%| F|  |TAMS 0x0000000088500000, 0x0000000088500000| Untracked 
| 134|0x0000000088600000, 0x0000000088600000, 0x0000000088700000|  0%| F|  |TAMS 0x0000000088600000, 0x0000000088600000| Untracked 
| 135|0x0000000088700000, 0x0000000088700000, 0x0000000088800000|  0%| F|  |TAMS 0x0000000088700000, 0x0000000088700000| Untracked 
| 136|0x0000000088800000, 0x0000000088800000, 0x0000000088900000|  0%| F|  |TAMS 0x0000000088800000, 0x0000000088800000| Untracked 
| 137|0x0000000088900000, 0x0000000088900000, 0x0000000088a00000|  0%| F|  |TAMS 0x0000000088900000, 0x0000000088900000| Untracked 
| 138|0x0000000088a00000, 0x0000000088a00000, 0x0000000088b00000|  0%| F|  |TAMS 0x0000000088a00000, 0x0000000088a00000| Untracked 
| 139|0x0000000088b00000, 0x0000000088b483f0, 0x0000000088c00000| 28%| E|  |TAMS 0x0000000088b00000, 0x0000000088b00000| Complete 
| 140|0x0000000088c00000, 0x0000000088d00000, 0x0000000088d00000|100%| E|CS|TAMS 0x0000000088c00000, 0x0000000088c00000| Complete 
| 141|0x0000000088d00000, 0x0000000088e00000, 0x0000000088e00000|100%| E|CS|TAMS 0x0000000088d00000, 0x0000000088d00000| Complete 
| 142|0x0000000088e00000, 0x0000000088f00000, 0x0000000088f00000|100%| E|CS|TAMS 0x0000000088e00000, 0x0000000088e00000| Complete 
| 143|0x0000000088f00000, 0x0000000089000000, 0x0000000089000000|100%| E|CS|TAMS 0x0000000088f00000, 0x0000000088f00000| Complete 
| 144|0x0000000089000000, 0x0000000089100000, 0x0000000089100000|100%| E|CS|TAMS 0x0000000089000000, 0x0000000089000000| Complete 
| 145|0x0000000089100000, 0x0000000089200000, 0x0000000089200000|100%| E|CS|TAMS 0x0000000089100000, 0x0000000089100000| Complete 
| 146|0x0000000089200000, 0x0000000089300000, 0x0000000089300000|100%| E|CS|TAMS 0x0000000089200000, 0x0000000089200000| Complete 
| 147|0x0000000089300000, 0x0000000089400000, 0x0000000089400000|100%| E|CS|TAMS 0x0000000089300000, 0x0000000089300000| Complete 
| 148|0x0000000089400000, 0x0000000089500000, 0x0000000089500000|100%| E|CS|TAMS 0x0000000089400000, 0x0000000089400000| Complete 
| 149|0x0000000089500000, 0x0000000089600000, 0x0000000089600000|100%| E|CS|TAMS 0x0000000089500000, 0x0000000089500000| Complete 
| 150|0x0000000089600000, 0x0000000089700000, 0x0000000089700000|100%| E|  |TAMS 0x0000000089600000, 0x0000000089600000| Complete 
| 151|0x0000000089700000, 0x0000000089800000, 0x0000000089800000|100%| E|CS|TAMS 0x0000000089700000, 0x0000000089700000| Complete 
| 152|0x0000000089800000, 0x0000000089900000, 0x0000000089900000|100%| E|CS|TAMS 0x0000000089800000, 0x0000000089800000| Complete 
| 153|0x0000000089900000, 0x0000000089a00000, 0x0000000089a00000|100%| E|CS|TAMS 0x0000000089900000, 0x0000000089900000| Complete 
| 154|0x0000000089a00000, 0x0000000089b00000, 0x0000000089b00000|100%| E|CS|TAMS 0x0000000089a00000, 0x0000000089a00000| Complete 
| 155|0x0000000089b00000, 0x0000000089c00000, 0x0000000089c00000|100%| E|CS|TAMS 0x0000000089b00000, 0x0000000089b00000| Complete 
| 156|0x0000000089c00000, 0x0000000089d00000, 0x0000000089d00000|100%| E|CS|TAMS 0x0000000089c00000, 0x0000000089c00000| Complete 
| 157|0x0000000089d00000, 0x0000000089e00000, 0x0000000089e00000|100%| E|CS|TAMS 0x0000000089d00000, 0x0000000089d00000| Complete 
| 158|0x0000000089e00000, 0x0000000089f00000, 0x0000000089f00000|100%| E|CS|TAMS 0x0000000089e00000, 0x0000000089e00000| Complete 
| 159|0x0000000089f00000, 0x000000008a000000, 0x000000008a000000|100%| E|CS|TAMS 0x0000000089f00000, 0x0000000089f00000| Complete 
| 160|0x000000008a000000, 0x000000008a100000, 0x000000008a100000|100%| E|CS|TAMS 0x000000008a000000, 0x000000008a000000| Complete 
| 161|0x000000008a100000, 0x000000008a200000, 0x000000008a200000|100%| E|CS|TAMS 0x000000008a100000, 0x000000008a100000| Complete 
| 162|0x000000008a200000, 0x000000008a300000, 0x000000008a300000|100%| E|CS|TAMS 0x000000008a200000, 0x000000008a200000| Complete 
| 163|0x000000008a300000, 0x000000008a400000, 0x000000008a400000|100%| E|CS|TAMS 0x000000008a300000, 0x000000008a300000| Complete 
| 164|0x000000008a400000, 0x000000008a500000, 0x000000008a500000|100%| E|CS|TAMS 0x000000008a400000, 0x000000008a400000| Complete 
| 165|0x000000008a500000, 0x000000008a600000, 0x000000008a600000|100%| E|CS|TAMS 0x000000008a500000, 0x000000008a500000| Complete 
| 166|0x000000008a600000, 0x000000008a700000, 0x000000008a700000|100%| E|CS|TAMS 0x000000008a600000, 0x000000008a600000| Complete 
| 167|0x000000008a700000, 0x000000008a800000, 0x000000008a800000|100%| E|CS|TAMS 0x000000008a700000, 0x000000008a700000| Complete 
| 168|0x000000008a800000, 0x000000008a900000, 0x000000008a900000|100%| E|CS|TAMS 0x000000008a800000, 0x000000008a800000| Complete 
| 169|0x000000008a900000, 0x000000008aa00000, 0x000000008aa00000|100%| E|CS|TAMS 0x000000008a900000, 0x000000008a900000| Complete 
| 170|0x000000008aa00000, 0x000000008ab00000, 0x000000008ab00000|100%| E|CS|TAMS 0x000000008aa00000, 0x000000008aa00000| Complete 
| 171|0x000000008ab00000, 0x000000008ac00000, 0x000000008ac00000|100%| E|CS|TAMS 0x000000008ab00000, 0x000000008ab00000| Complete 
| 172|0x000000008ac00000, 0x000000008ad00000, 0x000000008ad00000|100%| E|CS|TAMS 0x000000008ac00000, 0x000000008ac00000| Complete 
| 173|0x000000008ad00000, 0x000000008ae00000, 0x000000008ae00000|100%| E|CS|TAMS 0x000000008ad00000, 0x000000008ad00000| Complete 
| 174|0x000000008ae00000, 0x000000008af00000, 0x000000008af00000|100%| E|CS|TAMS 0x000000008ae00000, 0x000000008ae00000| Complete 
| 175|0x000000008af00000, 0x000000008b000000, 0x000000008b000000|100%| E|CS|TAMS 0x000000008af00000, 0x000000008af00000| Complete 
| 176|0x000000008b000000, 0x000000008b0c8c30, 0x000000008b100000| 78%| S|CS|TAMS 0x000000008b000000, 0x000000008b000000| Complete 
| 177|0x000000008b100000, 0x000000008b200000, 0x000000008b200000|100%| S|CS|TAMS 0x000000008b100000, 0x000000008b100000| Complete 
| 178|0x000000008b200000, 0x000000008b300000, 0x000000008b300000|100%| E|CS|TAMS 0x000000008b200000, 0x000000008b200000| Complete 
| 179|0x000000008b300000, 0x000000008b400000, 0x000000008b400000|100%| E|CS|TAMS 0x000000008b300000, 0x000000008b300000| Complete 
| 180|0x000000008b400000, 0x000000008b500000, 0x000000008b500000|100%| E|CS|TAMS 0x000000008b400000, 0x000000008b400000| Complete 
| 181|0x000000008b500000, 0x000000008b600000, 0x000000008b600000|100%| E|CS|TAMS 0x000000008b500000, 0x000000008b500000| Complete 
| 182|0x000000008b600000, 0x000000008b700000, 0x000000008b700000|100%| E|CS|TAMS 0x000000008b600000, 0x000000008b600000| Complete 
| 183|0x000000008b700000, 0x000000008b800000, 0x000000008b800000|100%| E|CS|TAMS 0x000000008b700000, 0x000000008b700000| Complete 
| 184|0x000000008b800000, 0x000000008b900000, 0x000000008b900000|100%| E|CS|TAMS 0x000000008b800000, 0x000000008b800000| Complete 

Card table byte_map: [0x00000219540c0000,0x00000219544c0000] _byte_map_base: 0x0000021953cc0000

Marking Bits (Prev, Next): (CMBitMap*) 0x000002194154a330, (CMBitMap*) 0x000002194154a370
 Prev Bits: [0x00000219548c0000, 0x00000219568c0000)
 Next Bits: [0x00000219568c0000, 0x00000219588c0000)

Polling page: 0x0000021940cc0000

Metaspace:

Usage:
  Non-class:    105.49 MB used.
      Class:     16.66 MB used.
       Both:    122.15 MB used.

Virtual space:
  Non-class space:      112.00 MB reserved,     105.88 MB ( 95%) committed,  14 nodes.
      Class space:        1.00 GB reserved,      17.00 MB (  2%) committed,  1 nodes.
             Both:        1.11 GB reserved,     122.88 MB ( 11%) committed. 

Chunk freelists:
   Non-Class:  1.67 MB
       Class:  2.94 MB
        Both:  4.61 MB

MaxMetaspaceSize: unlimited
CompressedClassSpaceSize: 1.00 GB
Initial GC threshold: 21.00 MB
Current GC threshold: 193.88 MB
CDS: off
MetaspaceReclaimPolicy: balanced
 - commit_granule_bytes: 65536.
 - commit_granule_words: 8192.
 - virtual_space_node_default_size: 1048576.
 - enlarge_chunks_in_place: 1.
 - new_chunks_are_fully_committed: 0.
 - uncommit_free_chunks: 1.
 - use_allocation_guard: 0.
 - handle_deallocations: 1.


Internal statistics:

num_allocs_failed_limit: 14.
num_arena_births: 1150.
num_arena_deaths: 6.
num_vsnodes_births: 15.
num_vsnodes_deaths: 0.
num_space_committed: 1966.
num_space_uncommitted: 0.
num_chunks_returned_to_freelist: 23.
num_chunks_taken_from_freelist: 5776.
num_chunk_merges: 14.
num_chunk_splits: 3942.
num_chunks_enlarged: 2771.
num_purges: 2.
num_inconsistent_stats: 0.

CodeHeap 'non-profiled nmethods': size=120000Kb used=8032Kb max_used=8654Kb free=111967Kb
 bounds [0x000002194c790000, 0x000002194d020000, 0x0000021953cc0000]
CodeHeap 'profiled nmethods': size=120000Kb used=28442Kb max_used=28442Kb free=91557Kb
 bounds [0x0000021944cc0000, 0x0000021946890000, 0x000002194c1f0000]
CodeHeap 'non-nmethods': size=5760Kb used=2459Kb max_used=2503Kb free=3300Kb
 bounds [0x000002194c1f0000, 0x000002194c470000, 0x000002194c790000]
 total_blobs=15439 nmethods=14439 adapters=911
 compilation: enabled
              stopped_count=0, restarted_count=0
 full_count=0

Compilation events (20 events):
Event: 138.049 Thread 0x000002195b807740 17297       2       org.gradle.internal.snapshot.DirectorySnapshot::lambda$accept$1 (9 bytes)
Event: 138.050 Thread 0x000002195b807740 nmethod 17297 0x000002194680a310 code [0x000002194680a4a0, 0x000002194680a5a8]
Event: 138.050 Thread 0x000002195b807740 17299       1       org.gradle.execution.plan.WorkSource$Selection$1::isNoWorkReadyToStart (2 bytes)
Event: 138.050 Thread 0x000002195b807740 nmethod 17299 0x000002194c937b10 code [0x000002194c937ca0, 0x000002194c937d78]
Event: 138.050 Thread 0x000002195b807740 17301       2       java.util.stream.Collectors$$Lambda$611/0x000000010052d838::accept (11 bytes)
Event: 138.050 Thread 0x000002195b807740 nmethod 17301 0x000002194680a690 code [0x000002194680a840, 0x000002194680a9c8]
Event: 138.050 Thread 0x000002195b807740 17302       2       org.gradle.tooling.internal.provider.runner.OperationDependenciesResolver$$Lambda$855/0x0000000100afd390::apply (12 bytes)
Event: 138.050 Thread 0x000002195b807740 nmethod 17302 0x000002194680aa90 code [0x000002194680ac40, 0x000002194680ada8]
Event: 138.050 Thread 0x000002195b807740 17303       2       org.gradle.tooling.internal.provider.runner.OperationDependenciesResolver::lookupExistingOperationDescriptor (43 bytes)
Event: 138.051 Thread 0x000002195b807740 nmethod 17303 0x000002194680ae90 code [0x000002194680b080, 0x000002194680b408]
Event: 138.053 Thread 0x000002195b807740 17304       2       java.util.ArrayDeque::addFirst (51 bytes)
Event: 138.054 Thread 0x000002195b807740 nmethod 17304 0x000002194680b710 code [0x000002194680b8c0, 0x000002194680bb98]
Event: 138.054 Thread 0x000002195b807740 17305       2       java.util.function.Predicate$$Lambda$118/0x00000001002e05e0::test (15 bytes)
Event: 138.054 Thread 0x000002195b807740 nmethod 17305 0x000002194680bd10 code [0x000002194680bec0, 0x000002194680c0b8]
Event: 138.062 Thread 0x000002195b807740 17306       2       com.sun.org.apache.xerces.internal.xni.QName::clear (21 bytes)
Event: 138.063 Thread 0x000002195b807740 nmethod 17306 0x000002194680c210 code [0x000002194680c3a0, 0x000002194680c578]
Event: 138.063 Thread 0x000002195b807740 17308       2       com.sun.org.apache.xerces.internal.utils.XMLSecurityManager$NameMap::getOldName (18 bytes)
Event: 138.063 Thread 0x000002195b807740 nmethod 17308 0x000002194680c610 code [0x000002194680c7c0, 0x000002194680c948]
Event: 138.063 Thread 0x000002195b807740 17307       2       com.sun.org.apache.xerces.internal.xni.QName::<init> (9 bytes)
Event: 138.064 Thread 0x000002195b807740 nmethod 17307 0x000002194680ca10 code [0x000002194680cba0, 0x000002194680cd78]

GC Heap History (20 events):
Event: 70.835 GC heap before
{Heap before GC invocations=43 (full 0):
 garbage-first heap   total 189440K, used 165207K [0x0000000080000000, 0x0000000100000000)
  region size 1024K, 73 young (74752K), 6 survivors (6144K)
 Metaspace       used 89818K, committed 90368K, reserved 1130496K
  class space    used 12150K, committed 12416K, reserved 1048576K
}
Event: 70.853 GC heap after
{Heap after GC invocations=44 (full 0):
 garbage-first heap   total 189440K, used 79315K [0x0000000080000000, 0x0000000100000000)
  region size 1024K, 7 young (7168K), 7 survivors (7168K)
 Metaspace       used 89818K, committed 90368K, reserved 1130496K
  class space    used 12150K, committed 12416K, reserved 1048576K
}
Event: 75.135 GC heap before
{Heap before GC invocations=44 (full 0):
 garbage-first heap   total 189440K, used 149971K [0x0000000080000000, 0x0000000100000000)
  region size 1024K, 77 young (78848K), 7 survivors (7168K)
 Metaspace       used 95594K, committed 96192K, reserved 1138688K
  class space    used 12891K, committed 13184K, reserved 1048576K
}
Event: 75.154 GC heap after
{Heap after GC invocations=45 (full 0):
 garbage-first heap   total 189440K, used 83858K [0x0000000080000000, 0x0000000100000000)
  region size 1024K, 7 young (7168K), 7 survivors (7168K)
 Metaspace       used 95594K, committed 96192K, reserved 1138688K
  class space    used 12891K, committed 13184K, reserved 1048576K
}
Event: 81.869 GC heap before
{Heap before GC invocations=45 (full 0):
 garbage-first heap   total 189440K, used 151442K [0x0000000080000000, 0x0000000100000000)
  region size 1024K, 74 young (75776K), 7 survivors (7168K)
 Metaspace       used 96045K, committed 96704K, reserved 1138688K
  class space    used 12920K, committed 13248K, reserved 1048576K
}
Event: 81.891 GC heap after
{Heap after GC invocations=46 (full 0):
 garbage-first heap   total 189440K, used 88470K [0x0000000080000000, 0x0000000100000000)
  region size 1024K, 9 young (9216K), 9 survivors (9216K)
 Metaspace       used 96045K, committed 96704K, reserved 1138688K
  class space    used 12920K, committed 13248K, reserved 1048576K
}
Event: 114.185 GC heap before
{Heap before GC invocations=46 (full 0):
 garbage-first heap   total 189440K, used 152982K [0x0000000080000000, 0x0000000100000000)
  region size 1024K, 73 young (74752K), 9 survivors (9216K)
 Metaspace       used 97420K, committed 98112K, reserved 1138688K
  class space    used 13092K, committed 13440K, reserved 1048576K
}
Event: 114.207 GC heap after
{Heap after GC invocations=47 (full 0):
 garbage-first heap   total 189440K, used 91892K [0x0000000080000000, 0x0000000100000000)
  region size 1024K, 8 young (8192K), 8 survivors (8192K)
 Metaspace       used 97420K, committed 98112K, reserved 1138688K
  class space    used 13092K, committed 13440K, reserved 1048576K
}
Event: 119.625 GC heap before
{Heap before GC invocations=47 (full 0):
 garbage-first heap   total 189440K, used 138996K [0x0000000080000000, 0x0000000100000000)
  region size 1024K, 56 young (57344K), 8 survivors (8192K)
 Metaspace       used 104255K, committed 104960K, reserved 1146880K
  class space    used 13976K, committed 14336K, reserved 1048576K
}
Event: 119.649 GC heap after
{Heap after GC invocations=48 (full 0):
 garbage-first heap   total 189440K, used 98033K [0x0000000080000000, 0x0000000100000000)
  region size 1024K, 9 young (9216K), 9 survivors (9216K)
 Metaspace       used 104255K, committed 104960K, reserved 1146880K
  class space    used 13976K, committed 14336K, reserved 1048576K
}
Event: 125.236 GC heap before
{Heap before GC invocations=49 (full 0):
 garbage-first heap   total 189440K, used 156401K [0x0000000080000000, 0x0000000100000000)
  region size 1024K, 64 young (65536K), 9 survivors (9216K)
 Metaspace       used 107115K, committed 107776K, reserved 1146880K
  class space    used 14304K, committed 14656K, reserved 1048576K
}
Event: 125.256 GC heap after
{Heap after GC invocations=50 (full 0):
 garbage-first heap   total 189440K, used 99775K [0x0000000080000000, 0x0000000100000000)
  region size 1024K, 2 young (2048K), 2 survivors (2048K)
 Metaspace       used 107115K, committed 107776K, reserved 1146880K
  class space    used 14304K, committed 14656K, reserved 1048576K
}
Event: 129.156 GC heap before
{Heap before GC invocations=50 (full 0):
 garbage-first heap   total 189440K, used 108991K [0x0000000080000000, 0x0000000100000000)
  region size 1024K, 9 young (9216K), 2 survivors (2048K)
 Metaspace       used 108010K, committed 108672K, reserved 1146880K
  class space    used 14443K, committed 14720K, reserved 1048576K
}
Event: 129.168 GC heap after
{Heap after GC invocations=51 (full 0):
 garbage-first heap   total 189440K, used 96587K [0x0000000080000000, 0x0000000100000000)
  region size 1024K, 1 young (1024K), 1 survivors (1024K)
 Metaspace       used 108010K, committed 108672K, reserved 1146880K
  class space    used 14443K, committed 14720K, reserved 1048576K
}
Event: 134.232 GC heap before
{Heap before GC invocations=51 (full 0):
 garbage-first heap   total 189440K, used 154955K [0x0000000080000000, 0x0000000100000000)
  region size 1024K, 59 young (60416K), 1 survivors (1024K)
 Metaspace       used 117608K, committed 118272K, reserved 1155072K
  class space    used 16013K, committed 16320K, reserved 1048576K
}
Event: 134.253 GC heap after
{Heap after GC invocations=52 (full 0):
 garbage-first heap   total 189440K, used 104861K [0x0000000080000000, 0x0000000100000000)
  region size 1024K, 8 young (8192K), 8 survivors (8192K)
 Metaspace       used 117608K, committed 118272K, reserved 1155072K
  class space    used 16013K, committed 16320K, reserved 1048576K
}
Event: 136.659 GC heap before
{Heap before GC invocations=53 (full 0):
 garbage-first heap   total 189440K, used 154013K [0x0000000080000000, 0x0000000100000000)
  region size 1024K, 56 young (57344K), 8 survivors (8192K)
 Metaspace       used 121372K, committed 122048K, reserved 1155072K
  class space    used 16489K, committed 16832K, reserved 1048576K
}
Event: 136.667 GC heap after
{Heap after GC invocations=54 (full 0):
 garbage-first heap   total 189440K, used 99890K [0x0000000080000000, 0x0000000100000000)
  region size 1024K, 2 young (2048K), 2 survivors (2048K)
 Metaspace       used 121372K, committed 122048K, reserved 1155072K
  class space    used 16489K, committed 16832K, reserved 1048576K
}
Event: 137.070 GC heap before
{Heap before GC invocations=54 (full 0):
 garbage-first heap   total 189440K, used 106034K [0x0000000080000000, 0x0000000100000000)
  region size 1024K, 9 young (9216K), 2 survivors (2048K)
 Metaspace       used 122042K, committed 122688K, reserved 1155072K
  class space    used 16585K, committed 16896K, reserved 1048576K
}
Event: 137.080 GC heap after
{Heap after GC invocations=55 (full 0):
 garbage-first heap   total 189440K, used 99267K [0x0000000080000000, 0x0000000100000000)
  region size 1024K, 2 young (2048K), 2 survivors (2048K)
 Metaspace       used 122042K, committed 122688K, reserved 1155072K
  class space    used 16585K, committed 16896K, reserved 1048576K
}

Dll operation events (3 events):
Event: 0.819 Loaded shared library C:\Users\pedro ou renata\.jdks\jbr-17.0.6-1\bin\java.dll
Event: 2.246 Loaded shared library C:\Users\pedro ou renata\.jdks\jbr-17.0.6-1\bin\jsvml.dll
Event: 6.033 Loaded shared library C:\Users\pedro ou renata\.jdks\jbr-17.0.6-1\bin\verify.dll

Deoptimization events (20 events):
Event: 138.049 Thread 0x000002195c3600a0 Uncommon trap: trap_request=0xffffff45 fr.pc=0x000002194cdbecb4 relative=0x0000000000000bb4
Event: 138.049 Thread 0x000002195c3600a0 Uncommon trap: reason=unstable_if action=reinterpret pc=0x000002194cdbecb4 method=org.gradle.internal.snapshot.VfsRelativePath.lengthOfCommonPrefix(Ljava/lang/String;Lorg/gradle/internal/snapshot/CaseSensitivity;)I @ 117 c2
Event: 138.050 Thread 0x000002195c3600a0 DEOPT PACKING pc=0x000002194cdbecb4 sp=0x000000bd56afe5c0
Event: 138.050 Thread 0x000002195c3600a0 DEOPT UNPACKING pc=0x000002194c2469a3 sp=0x000000bd56afe548 mode 2
Event: 138.050 Thread 0x000002195c3600a0 Uncommon trap: trap_request=0xffffff45 fr.pc=0x000002194cdededc relative=0x000000000000117c
Event: 138.050 Thread 0x000002195c3600a0 Uncommon trap: reason=unstable_if action=reinterpret pc=0x000002194cdededc method=org.gradle.internal.snapshot.ChildMap$Entry.handlePath(Lorg/gradle/internal/snapshot/VfsRelativePath;Lorg/gradle/internal/snapshot/CaseSensitivity;Lorg/gradle/internal/snaps
Event: 138.050 Thread 0x000002195c3600a0 DEOPT PACKING pc=0x000002194cdededc sp=0x000000bd56afe620
Event: 138.050 Thread 0x000002195c3600a0 DEOPT UNPACKING pc=0x000002194c2469a3 sp=0x000000bd56afe5c8 mode 2
Event: 138.050 Thread 0x000002195c3600a0 Uncommon trap: trap_request=0xffffffc6 fr.pc=0x000002194cdaf014 relative=0x00000000000002d4
Event: 138.050 Thread 0x000002195c3600a0 Uncommon trap: reason=bimorphic_or_optimized_type_check action=maybe_recompile pc=0x000002194cdaf014 method=org.gradle.internal.snapshot.ChildMapFactory.childMapFromSorted(Ljava/util/List;)Lorg/gradle/internal/snapshot/ChildMap; @ 1 c2
Event: 138.050 Thread 0x000002195c3600a0 DEOPT PACKING pc=0x000002194cdaf014 sp=0x000000bd56afe3b0
Event: 138.050 Thread 0x000002195c3600a0 DEOPT UNPACKING pc=0x000002194c2469a3 sp=0x000000bd56afe378 mode 2
Event: 138.056 Thread 0x000002195c3600a0 Uncommon trap: trap_request=0xffffffde fr.pc=0x000002194c9c080c relative=0x00000000000006ec
Event: 138.056 Thread 0x000002195c3600a0 Uncommon trap: reason=class_check action=maybe_recompile pc=0x000002194c9c080c method=org.gradle.internal.snapshot.ChildMap$Entry.handleAncestorDescendantOrExactMatch(Lorg/gradle/internal/snapshot/VfsRelativePath;Lorg/gradle/internal/snapshot/CaseSensitiv
Event: 138.056 Thread 0x000002195c3600a0 DEOPT PACKING pc=0x000002194c9c080c sp=0x000000bd56afc660
Event: 138.056 Thread 0x000002195c3600a0 DEOPT UNPACKING pc=0x000002194c2469a3 sp=0x000000bd56afc610 mode 2
Event: 138.056 Thread 0x000002195c3600a0 Uncommon trap: trap_request=0xffffffde fr.pc=0x000002194c9c080c relative=0x00000000000006ec
Event: 138.056 Thread 0x000002195c3600a0 Uncommon trap: reason=class_check action=maybe_recompile pc=0x000002194c9c080c method=org.gradle.internal.snapshot.ChildMap$Entry.handleAncestorDescendantOrExactMatch(Lorg/gradle/internal/snapshot/VfsRelativePath;Lorg/gradle/internal/snapshot/CaseSensitiv
Event: 138.056 Thread 0x000002195c3600a0 DEOPT PACKING pc=0x000002194c9c080c sp=0x000000bd56afc370
Event: 138.056 Thread 0x000002195c3600a0 DEOPT UNPACKING pc=0x000002194c2469a3 sp=0x000000bd56afc320 mode 2

Classes unloaded (3 events):
Event: 120.035 Thread 0x000002195adc5610 Unloading class 0x0000000100b68c00 'java/lang/invoke/LambdaForm$DMH+0x0000000100b68c00'
Event: 120.035 Thread 0x000002195adc5610 Unloading class 0x0000000100b68800 'java/lang/invoke/LambdaForm$DMH+0x0000000100b68800'
Event: 120.035 Thread 0x000002195adc5610 Unloading class 0x0000000100b68400 'java/lang/invoke/LambdaForm$DMH+0x0000000100b68400'

Classes redefined (0 events):
No events

Internal exceptions (20 events):
Event: 134.394 Thread 0x000002195c361d80 Exception <a 'java/lang/NoSuchMethodError'{0x000000008b738ac0}: 'int java.lang.invoke.DirectMethodHandle$Holder.invokeSpecial(java.lang.Object, java.lang.Object, java.lang.Object, int)'> (0x000000008b738ac0) 
thrown [s\src\hotspot\share\interpreter\linkResolver.cpp, line 771]
Event: 134.396 Thread 0x000002195c35fbd0 Exception <a 'java/lang/NoSuchMethodError'{0x000000008b793f58}: 'java.lang.Object java.lang.invoke.DirectMethodHandle$Holder.invokeInterface(java.lang.Object, java.lang.Object, int)'> (0x000000008b793f58) 
thrown [s\src\hotspot\share\interpreter\linkResolver.cpp, line 771]
Event: 135.087 Thread 0x000002195c35fbd0 Exception <a 'java/lang/NoSuchMethodError'{0x000000008a4c8518}: 'java.lang.Object java.lang.invoke.DirectMethodHandle$Holder.newInvokeSpecial(java.lang.Object, java.lang.Object, int, java.lang.Object, java.lang.Object, java.lang.Object)'> (0x000000008a4c8518) 
thrown [s\src\hotspot\share\interpreter\linkResolver.cpp, line 771]
Event: 135.090 Thread 0x000002195c35fbd0 Exception <a 'java/lang/NoSuchMethodError'{0x000000008a4cff90}: 'java.lang.Object java.lang.invoke.Invokers$Holder.linkToTargetMethod(java.lang.Object, int, java.lang.Object, java.lang.Object, java.lang.Object, java.lang.Object)'> (0x000000008a4cff90) 
thrown [s\src\hotspot\share\interpreter\linkResolver.cpp, line 771]
Event: 135.095 Thread 0x000002195c35fbd0 Exception <a 'java/lang/NoSuchMethodError'{0x000000008a30bd38}: 'void java.lang.invoke.DirectMethodHandle$Holder.invokeStatic(java.lang.Object, java.lang.Object, java.lang.Object, java.lang.Object, java.lang.Object, java.lang.Object, java.lang.Object, java.lang.Object)'> (0x000000008a30bd38) 
thrown [s\src\hotspot\share\interpreter\linkResolver.cpp, line 771]
Event: 135.102 Thread 0x000002195c363590 Exception <a 'java/lang/NoSuchMethodError'{0x000000008a33a688}: 'void java.lang.invoke.DirectMethodHandle$Holder.invokeStatic(java.lang.Object, java.lang.Object, java.lang.Object, java.lang.Object, java.lang.Object, java.lang.Object, java.lang.Object, java.lang.Object)'> (0x000000008a33a688) 
thrown [s\src\hotspot\share\interpreter\linkResolver.cpp, line 771]
Event: 135.553 Thread 0x000002195c35fbd0 Exception <a 'java/lang/IncompatibleClassChangeError'{0x0000000089cc05f8}: Found class java.lang.Object, but interface was expected> (0x0000000089cc05f8) 
thrown [s\src\hotspot\share\interpreter\linkResolver.cpp, line 838]
Event: 135.902 Thread 0x000002195c363590 Exception <a 'java/lang/NoSuchMethodError'{0x00000000896c4368}: 'void java.lang.invoke.DirectMethodHandle$Holder.invokeSpecial(java.lang.Object, java.lang.Object, int)'> (0x00000000896c4368) 
thrown [s\src\hotspot\share\interpreter\linkResolver.cpp, line 771]
Event: 135.988 Thread 0x000002195c363590 Exception <a 'sun/nio/fs/WindowsException'{0x000000008945ebe8}> (0x000000008945ebe8) 
thrown [s\src\hotspot\share\prims\jni.cpp, line 517]
Event: 135.992 Thread 0x000002195c35fbd0 Exception <a 'sun/nio/fs/WindowsException'{0x00000000894464c8}> (0x00000000894464c8) 
thrown [s\src\hotspot\share\prims\jni.cpp, line 517]
Event: 136.015 Thread 0x000002195c35fbd0 Exception <a 'sun/nio/fs/WindowsException'{0x000000008944e110}> (0x000000008944e110) 
thrown [s\src\hotspot\share\prims\jni.cpp, line 517]
Event: 136.072 Thread 0x000002195c363590 Exception <a 'sun/nio/fs/WindowsException'{0x000000008918dcb0}> (0x000000008918dcb0) 
thrown [s\src\hotspot\share\prims\jni.cpp, line 517]
Event: 136.074 Thread 0x000002195c363590 Exception <a 'sun/nio/fs/WindowsException'{0x0000000089193710}> (0x0000000089193710) 
thrown [s\src\hotspot\share\prims\jni.cpp, line 517]
Event: 136.136 Thread 0x000002195c35fbd0 Exception <a 'sun/nio/fs/WindowsException'{0x0000000089454320}> (0x0000000089454320) 
thrown [s\src\hotspot\share\prims\jni.cpp, line 517]
Event: 136.894 Thread 0x000002195c363590 Exception <a 'sun/nio/fs/WindowsException'{0x000000008b4ab218}> (0x000000008b4ab218) 
thrown [s\src\hotspot\share\prims\jni.cpp, line 517]
Event: 137.000 Thread 0x000002195c361d80 Exception <a 'sun/nio/fs/WindowsException'{0x000000008b382d78}> (0x000000008b382d78) 
thrown [s\src\hotspot\share\prims\jni.cpp, line 517]
Event: 137.271 Thread 0x000002195c361d80 Exception <a 'java/lang/NoSuchMethodError'{0x000000008af19630}: 'long java.lang.invoke.DirectMethodHandle$Holder.invokeStatic(java.lang.Object, java.lang.Object, java.lang.Object)'> (0x000000008af19630) 
thrown [s\src\hotspot\share\interpreter\linkResolver.cpp, line 771]
Event: 137.271 Thread 0x000002195c363590 Exception <a 'java/lang/NoSuchMethodError'{0x000000008ae53078}: 'long java.lang.invoke.DirectMethodHandle$Holder.invokeStatic(java.lang.Object, java.lang.Object, java.lang.Object)'> (0x000000008ae53078) 
thrown [s\src\hotspot\share\interpreter\linkResolver.cpp, line 771]
Event: 137.333 Thread 0x000002195c361d80 Exception <a 'sun/nio/fs/WindowsException'{0x000000008adc65d0}> (0x000000008adc65d0) 
thrown [s\src\hotspot\share\prims\jni.cpp, line 517]
Event: 138.025 Thread 0x000002195c363590 Exception <a 'sun/nio/fs/WindowsException'{0x000000008a20bdb8}> (0x000000008a20bdb8) 
thrown [s\src\hotspot\share\prims\jni.cpp, line 517]

VM Operations (20 events):
Event: 135.740 Executing VM operation: HandshakeAllThreads
Event: 135.750 Executing VM operation: HandshakeAllThreads done
Event: 135.752 Executing VM operation: HandshakeAllThreads
Event: 135.752 Executing VM operation: HandshakeAllThreads done
Event: 135.917 Executing VM operation: HandshakeAllThreads
Event: 135.917 Executing VM operation: HandshakeAllThreads done
Event: 135.948 Executing VM operation: HandshakeAllThreads
Event: 135.955 Executing VM operation: HandshakeAllThreads done
Event: 136.107 Executing VM operation: ICBufferFull
Event: 136.107 Executing VM operation: ICBufferFull done
Event: 136.659 Executing VM operation: G1CollectForAllocation
Event: 136.669 Executing VM operation: G1CollectForAllocation done
Event: 137.064 Executing VM operation: HandshakeAllThreads
Event: 137.065 Executing VM operation: HandshakeAllThreads done
Event: 137.070 Executing VM operation: G1CollectForAllocation
Event: 137.080 Executing VM operation: G1CollectForAllocation done
Event: 137.086 Executing VM operation: HandshakeAllThreads
Event: 137.087 Executing VM operation: HandshakeAllThreads done
Event: 137.264 Executing VM operation: HandshakeAllThreads
Event: 137.265 Executing VM operation: HandshakeAllThreads done

Events (20 events):
Event: 135.786 Thread 0x000002195b80c060 flushing nmethod 0x00000219465baf90
Event: 135.786 Thread 0x000002195b80c060 flushing nmethod 0x00000219465cca90
Event: 135.786 Thread 0x000002195b80c060 flushing nmethod 0x000002194660be10
Event: 135.904 loading class java/nio/ByteBufferAsShortBufferL
Event: 135.915 loading class java/nio/ByteBufferAsShortBufferL done
Event: 135.946 loading class java/util/zip/Adler32
Event: 135.946 loading class java/util/zip/Adler32 done
Event: 136.250 loading class java/util/zip/ZipOutputStream$XEntry
Event: 136.250 loading class java/util/zip/ZipOutputStream$XEntry done
Event: 136.278 loading class java/util/Vector$Itr
Event: 136.278 loading class java/util/Vector$Itr done
Event: 136.760 loading class java/io/PushbackInputStream
Event: 136.760 loading class java/io/PushbackInputStream done
Event: 137.065 loading class java/nio/BufferUnderflowException
Event: 137.065 loading class java/nio/BufferUnderflowException done
Event: 137.227 loading class java/nio/HeapShortBuffer
Event: 137.260 loading class java/nio/HeapShortBuffer done
Event: 137.273 loading class java/util/AbstractList$RandomAccessSubList
Event: 137.273 loading class java/util/AbstractList$RandomAccessSubList done
Event: 138.066 loading class com/sun/org/apache/xerces/internal/util/URI


Dynamic libraries:
0x00007ff6165f0000 - 0x00007ff6165fa000 	C:\Users\pedro ou renata\.jdks\jbr-17.0.6-1\bin\java.exe
0x00007ffcd25f0000 - 0x00007ffcd27e8000 	C:\WINDOWS\SYSTEM32\ntdll.dll
0x00007ffcd18f0000 - 0x00007ffcd19af000 	C:\WINDOWS\System32\KERNEL32.DLL
0x00007ffcd0150000 - 0x00007ffcd0446000 	C:\WINDOWS\System32\KERNELBASE.dll
0x00007ffccff90000 - 0x00007ffcd0090000 	C:\WINDOWS\System32\ucrtbase.dll
0x00007ffcb5670000 - 0x00007ffcb568b000 	C:\Users\pedro ou renata\.jdks\jbr-17.0.6-1\bin\VCRUNTIME140.dll
0x00007ffcb5650000 - 0x00007ffcb5667000 	C:\Users\pedro ou renata\.jdks\jbr-17.0.6-1\bin\jli.dll
0x00007ffcd06b0000 - 0x00007ffcd084d000 	C:\WINDOWS\System32\USER32.dll
0x00007ffcd0120000 - 0x00007ffcd0142000 	C:\WINDOWS\System32\win32u.dll
0x00007ffcd0900000 - 0x00007ffcd092c000 	C:\WINDOWS\System32\GDI32.dll
0x00007ffccfd90000 - 0x00007ffccfea5000 	C:\WINDOWS\System32\gdi32full.dll
0x00007ffcbb730000 - 0x00007ffcbb9ca000 	C:\WINDOWS\WinSxS\amd64_microsoft.windows.common-controls_6595b64144ccf1df_6.0.19041.1110_none_60b5254171f9507e\COMCTL32.dll
0x00007ffcd05b0000 - 0x00007ffcd064d000 	C:\WINDOWS\System32\msvcp_win.dll
0x00007ffcd0c10000 - 0x00007ffcd0cae000 	C:\WINDOWS\System32\msvcrt.dll
0x00007ffcd08d0000 - 0x00007ffcd0900000 	C:\WINDOWS\System32\IMM32.DLL
0x00007ffcbf8c0000 - 0x00007ffcbf8cc000 	C:\Users\pedro ou renata\.jdks\jbr-17.0.6-1\bin\vcruntime140_1.dll
0x00007ffca6730000 - 0x00007ffca67bd000 	C:\Users\pedro ou renata\.jdks\jbr-17.0.6-1\bin\msvcp140.dll
0x00007ffc95640000 - 0x00007ffc962ae000 	C:\Users\pedro ou renata\.jdks\jbr-17.0.6-1\bin\server\jvm.dll
0x00007ffcd16b0000 - 0x00007ffcd175f000 	C:\WINDOWS\System32\ADVAPI32.dll
0x00007ffcd1600000 - 0x00007ffcd169c000 	C:\WINDOWS\System32\sechost.dll
0x00007ffcd1b30000 - 0x00007ffcd1c56000 	C:\WINDOWS\System32\RPCRT4.dll
0x00007ffcc6d90000 - 0x00007ffcc6db7000 	C:\WINDOWS\SYSTEM32\WINMM.dll
0x00007ffcc0c50000 - 0x00007ffcc0c5a000 	C:\WINDOWS\SYSTEM32\VERSION.dll
0x00007ffccb030000 - 0x00007ffccb039000 	C:\WINDOWS\SYSTEM32\WSOCK32.dll
0x00007ffcd1760000 - 0x00007ffcd17cb000 	C:\WINDOWS\System32\WS2_32.dll
0x00007ffccdaa0000 - 0x00007ffccdab2000 	C:\WINDOWS\SYSTEM32\kernel.appcore.dll
0x00007ffcbf8a0000 - 0x00007ffcbf8aa000 	C:\Users\pedro ou renata\.jdks\jbr-17.0.6-1\bin\jimage.dll
0x00007ffcc9410000 - 0x00007ffcc95f4000 	C:\WINDOWS\SYSTEM32\DBGHELP.DLL
0x00007ffcc7d10000 - 0x00007ffcc7d44000 	C:\WINDOWS\SYSTEM32\dbgcore.DLL
0x00007ffcd0090000 - 0x00007ffcd0112000 	C:\WINDOWS\System32\bcryptPrimitives.dll
0x00007ffcb5620000 - 0x00007ffcb5645000 	C:\Users\pedro ou renata\.jdks\jbr-17.0.6-1\bin\java.dll
0x00007ffcb53f0000 - 0x00007ffcb5408000 	C:\Users\pedro ou renata\.jdks\jbr-17.0.6-1\bin\zip.dll
0x00007ffca3600000 - 0x00007ffca36d7000 	C:\Users\pedro ou renata\.jdks\jbr-17.0.6-1\bin\jsvml.dll
0x00007ffcd0cb0000 - 0x00007ffcd13f4000 	C:\WINDOWS\System32\SHELL32.dll
0x00007ffccdd80000 - 0x00007ffcce513000 	C:\WINDOWS\SYSTEM32\windows.storage.dll
0x00007ffcd2250000 - 0x00007ffcd25a4000 	C:\WINDOWS\System32\combase.dll
0x00007ffccf640000 - 0x00007ffccf66e000 	C:\WINDOWS\SYSTEM32\Wldp.dll
0x00007ffcd1540000 - 0x00007ffcd15ed000 	C:\WINDOWS\System32\SHCORE.dll
0x00007ffcd1ad0000 - 0x00007ffcd1b25000 	C:\WINDOWS\System32\shlwapi.dll
0x00007ffccfc10000 - 0x00007ffccfc2f000 	C:\WINDOWS\SYSTEM32\profapi.dll
0x00007ffcb4d70000 - 0x00007ffcb4d89000 	C:\Users\pedro ou renata\.jdks\jbr-17.0.6-1\bin\net.dll
0x00007ffcc6bc0000 - 0x00007ffcc6cca000 	C:\WINDOWS\SYSTEM32\WINHTTP.dll
0x00007ffccf3a0000 - 0x00007ffccf40a000 	C:\WINDOWS\system32\mswsock.dll
0x00007ffcb32b0000 - 0x00007ffcb32c6000 	C:\Users\pedro ou renata\.jdks\jbr-17.0.6-1\bin\nio.dll
0x00007ffcbf920000 - 0x00007ffcbf930000 	C:\Users\pedro ou renata\.jdks\jbr-17.0.6-1\bin\verify.dll
0x00007ffcbf870000 - 0x00007ffcbf897000 	C:\Users\pedro ou renata\.gradle\native\e1d6ef7f7dcc3fd88c89a11ec53ec762bb8ba0a96d01ffa2cd45eb1d1d8dd5c5\windows-amd64\native-platform.dll
0x00007ffca17e0000 - 0x00007ffca1924000 	C:\Users\pedro ou renata\.gradle\native\0d407fdbe67a94daf76414ababcb853783967236a71b16ec16e742cd7a986fd3\windows-amd64\native-platform-file-events.dll
0x00007ffcbf910000 - 0x00007ffcbf919000 	C:\Users\pedro ou renata\.jdks\jbr-17.0.6-1\bin\management.dll
0x00007ffcbf900000 - 0x00007ffcbf90b000 	C:\Users\pedro ou renata\.jdks\jbr-17.0.6-1\bin\management_ext.dll
0x00007ffcd15f0000 - 0x00007ffcd15f8000 	C:\WINDOWS\System32\PSAPI.DLL
0x00007ffccf590000 - 0x00007ffccf5a8000 	C:\WINDOWS\SYSTEM32\CRYPTSP.dll
0x00007ffccecc0000 - 0x00007ffccecf4000 	C:\WINDOWS\system32\rsaenh.dll
0x00007ffccff60000 - 0x00007ffccff87000 	C:\WINDOWS\System32\bcrypt.dll
0x00007ffccfbd0000 - 0x00007ffccfbfe000 	C:\WINDOWS\SYSTEM32\USERENV.dll
0x00007ffccf5b0000 - 0x00007ffccf5bc000 	C:\WINDOWS\SYSTEM32\CRYPTBASE.dll
0x00007ffccf090000 - 0x00007ffccf0cc000 	C:\WINDOWS\SYSTEM32\IPHLPAPI.DLL
0x00007ffcd1a10000 - 0x00007ffcd1a18000 	C:\WINDOWS\System32\NSI.dll
0x00007ffcc7950000 - 0x00007ffcc7967000 	C:\WINDOWS\SYSTEM32\dhcpcsvc6.DLL
0x00007ffcc7730000 - 0x00007ffcc774d000 	C:\WINDOWS\SYSTEM32\dhcpcsvc.DLL
0x00007ffccf0d0000 - 0x00007ffccf19a000 	C:\WINDOWS\SYSTEM32\DNSAPI.dll
0x00007ffcbf8f0000 - 0x00007ffcbf8fe000 	C:\Users\pedro ou renata\.jdks\jbr-17.0.6-1\bin\sunmscapi.dll
0x00007ffcd0450000 - 0x00007ffcd05ae000 	C:\WINDOWS\System32\CRYPT32.dll
0x00007ffccf6b0000 - 0x00007ffccf6d8000 	C:\WINDOWS\SYSTEM32\ncrypt.dll
0x00007ffccf670000 - 0x00007ffccf6ab000 	C:\WINDOWS\SYSTEM32\NTASN1.dll
0x00007ffcbf8e0000 - 0x00007ffcbf8e7000 	C:\WINDOWS\system32\wshunix.dll
0x00007ffccee00000 - 0x00007ffccee33000 	C:\WINDOWS\SYSTEM32\ntmarta.dll

dbghelp: loaded successfully - version: 4.0.5 - missing functions: none
symbol engine: initialized successfully - sym options: 0x614 - pdb path: .;C:\Users\pedro ou renata\.jdks\jbr-17.0.6-1\bin;C:\WINDOWS\SYSTEM32;C:\WINDOWS\WinSxS\amd64_microsoft.windows.common-controls_6595b64144ccf1df_6.0.19041.1110_none_60b5254171f9507e;C:\Users\pedro ou renata\.jdks\jbr-17.0.6-1\bin\server;C:\Users\pedro ou renata\.gradle\native\e1d6ef7f7dcc3fd88c89a11ec53ec762bb8ba0a96d01ffa2cd45eb1d1d8dd5c5\windows-amd64;C:\Users\pedro ou renata\.gradle\native\0d407fdbe67a94daf76414ababcb853783967236a71b16ec16e742cd7a986fd3\windows-amd64

VM Arguments:
jvm_args: --add-opens=java.base/java.util=ALL-UNNAMED --add-opens=java.base/java.lang=ALL-UNNAMED --add-opens=java.base/java.lang.invoke=ALL-UNNAMED --add-opens=java.base/java.util=ALL-UNNAMED --add-opens=java.prefs/java.util.prefs=ALL-UNNAMED --add-opens=java.prefs/java.util.prefs=ALL-UNNAMED --add-opens=java.base/java.nio.charset=ALL-UNNAMED --add-opens=java.base/java.net=ALL-UNNAMED --add-opens=java.base/java.util.concurrent.atomic=ALL-UNNAMED -Xmx2048m -Dfile.encoding=UTF-8 -Duser.country=BR -Duser.language=pt -Duser.variant 
java_command: org.gradle.launcher.daemon.bootstrap.GradleDaemon 7.5
java_class_path (initial): C:\Users\pedro ou renata\.gradle\wrapper\dists\gradle-7.5-bin\f1w0cc9nuo0eivz97x2xlu9sv\gradle-7.5\lib\gradle-launcher-7.5.jar
Launcher Type: SUN_STANDARD

[Global flags]
     intx CICompilerCount                          = 3                                         {product} {ergonomic}
     uint ConcGCThreads                            = 1                                         {product} {ergonomic}
     uint G1ConcRefinementThreads                  = 4                                         {product} {ergonomic}
   size_t G1HeapRegionSize                         = 1048576                                   {product} {ergonomic}
    uintx GCDrainStackTargetSize                   = 64                                        {product} {ergonomic}
   size_t InitialHeapSize                          = 134217728                                 {product} {ergonomic}
   size_t MarkStackSize                            = 4194304                                   {product} {ergonomic}
   size_t MaxHeapSize                              = 2147483648                                {product} {command line}
   size_t MaxNewSize                               = 1287651328                                {product} {ergonomic}
   size_t MinHeapDeltaBytes                        = 1048576                                   {product} {ergonomic}
   size_t MinHeapSize                              = 8388608                                   {product} {ergonomic}
    uintx NonNMethodCodeHeapSize                   = 5832780                                {pd product} {ergonomic}
    uintx NonProfiledCodeHeapSize                  = 122912730                              {pd product} {ergonomic}
    uintx ProfiledCodeHeapSize                     = 122912730                              {pd product} {ergonomic}
    uintx ReservedCodeCacheSize                    = 251658240                              {pd product} {ergonomic}
     bool SegmentedCodeCache                       = true                                      {product} {ergonomic}
   size_t SoftMaxHeapSize                          = 2147483648                             {manageable} {ergonomic}
     bool UseCompressedClassPointers               = true                           {product lp64_product} {ergonomic}
     bool UseCompressedOops                        = true                           {product lp64_product} {ergonomic}
     bool UseG1GC                                  = true                                      {product} {ergonomic}
     bool UseLargePagesIndividualAllocation        = false                                  {pd product} {ergonomic}

Logging:
Log output configuration:
 #0: stdout all=warning uptime,level,tags
 #1: stderr all=off uptime,level,tags

Environment Variables:
PATH=C:\ProgramData\Oracle\Java\javapath;C:\Program Files (x86)\Common Files\Oracle\Java\javapath;C:\Program Files\Java\jdk1.8.0_321\bin;C:\Program Files\nodejs\;C:\Program Files\Git\cmd;C:\Users\pedro ou renata\AppData\Local\Microsoft\WindowsApps;C:\Users\pedro ou renata\AppData\Local\Programs\Microsoft VS Code\bin, 14.16.1;C:\Users\pedro ou renata\AppData\Roaming\nvm;C:\Program Files\nodejs;C:\Users\pedro ou renata\AppData\Local\Programs\Microsoft VS Code\bin;C:\Users\pedro ou renata\AppData\Roaming\npm;C:\Users\pedro ou renata\AppData\Local\Android\Sdk\emulator;
USERNAME=pedro ou renata
OS=Windows_NT
PROCESSOR_IDENTIFIER=Intel64 Family 6 Model 61 Stepping 4, GenuineIntel
TMP=C:\Users\PEDROO~1\AppData\Local\Temp
TEMP=C:\Users\PEDROO~1\AppData\Local\Temp


JNI global refs:
JNI global refs: 26, weak refs: 35

JNI global refs memory usage: 843, weak refs: 841


---------------  S Y S T E M  ---------------

OS:
 Windows 10 , 64 bit Build 19041 (10.0.19041.3031)
OS uptime: 0 days 9:14 hours

CPU: total 4 (initial active 4) (2 cores per cpu, 2 threads per core) family 6 model 61 stepping 4 microcode 0x2d, cx8, cmov, fxsr, ht, mmx, 3dnowpref, sse, sse2, sse3, ssse3, sse4.1, sse4.2, popcnt, lzcnt, tsc, tscinvbit, avx, avx2, aes, erms, clmul, bmi1, bmi2, adx, fma, vzeroupper, clflush

Memory: 4k page, system-wide physical 8093M (339M free)
TotalPageFile size 8093M (AvailPageFile size 61M)
current process WorkingSet (physical memory assigned to process): 502M, peak: 505M
current process commit charge ("private bytes"): 523M, peak: 526M

vm_info: OpenJDK 64-Bit Server VM (17.0.6+10-b829.9) for windows-amd64 JRE (17.0.6+10-b829.9), built on 2023-04-09 by "builduser" with MS VC++ 16.10 / 16.11 (VS2019)

END.
